2021/10/12 12:22:51 [error] [exception.CException] CException: Путь CAssetManager.basePath "C:\xampp\htdocs\pcstore\assets" задан неверно. Удостоверьтесь, что директория существует и доступна для записи пользователю, под которым запущен веб-сервер. in C:\xampp\htdocs\pcstore\framework\web\CAssetManager.php:138
Stack trace:
#0 C:\xampp\htdocs\pcstore\framework\web\CAssetManager.php(123): CAssetManager->setBasePath('C:\\xampp\\htdocs...')
#1 C:\xampp\htdocs\pcstore\framework\web\CAssetManager.php(217): CAssetManager->getBasePath()
#2 C:\xampp\htdocs\pcstore\framework\web\CClientScript.php(510): CAssetManager->publish('C:\\xampp\\htdocs...')
#3 C:\xampp\htdocs\pcstore\framework\web\CClientScript.php(547): CClientScript->getCoreScriptUrl()
#4 C:\xampp\htdocs\pcstore\framework\web\CClientScript.php(348): CClientScript->getPackageBaseUrl('jquery')
#5 C:\xampp\htdocs\pcstore\framework\web\CClientScript.php(208): CClientScript->renderCoreScripts()
#6 C:\xampp\htdocs\pcstore\framework\web\CController.php(351): CClientScript->render('<!DOCTYPE html ...')
#7 C:\xampp\htdocs\pcstore\framework\web\CController.php(788): CController->processOutput('<!DOCTYPE html ...')
#8 C:\xampp\htdocs\pcstore\protected\controllers\SiteController.php(121): CController->render('dict')
#9 C:\xampp\htdocs\pcstore\framework\web\actions\CInlineAction.php(49): SiteController->actionDict()
#10 C:\xampp\htdocs\pcstore\framework\web\CController.php(308): CInlineAction->runWithParams(Array)
#11 C:\xampp\htdocs\pcstore\framework\web\CController.php(286): CController->runAction(Object(CInlineAction))
#12 C:\xampp\htdocs\pcstore\framework\web\CController.php(265): CController->runActionWithFilters(Object(CInlineAction), Array)
#13 C:\xampp\htdocs\pcstore\framework\web\CWebApplication.php(282): CController->run('dict')
#14 C:\xampp\htdocs\pcstore\framework\web\CWebApplication.php(141): CWebApplication->runController('site/dict')
#15 C:\xampp\htdocs\pcstore\framework\base\CApplication.php(180): CWebApplication->processRequest()
#16 C:\xampp\htdocs\pcstore\index.php(13): CApplication->run()
#17 {main}
REQUEST_URI=/pcstore/index.php?r=site/dict
HTTP_REFERER=http://localhost/pcstore/
---
2021/10/12 12:23:21 [error] [exception.CDbException] CDbException: CDbConnection failed to open the DB connection: SQLSTATE[HY000] [1045] Access denied for user 'root'@'localhost' (using password: YES) in C:\xampp\htdocs\pcstore\framework\db\CDbConnection.php:382
Stack trace:
#0 C:\xampp\htdocs\pcstore\framework\db\CDbConnection.php(330): CDbConnection->open()
#1 C:\xampp\htdocs\pcstore\framework\db\CDbConnection.php(308): CDbConnection->setActive(true)
#2 C:\xampp\htdocs\pcstore\framework\base\CModule.php(387): CDbConnection->init()
#3 C:\xampp\htdocs\pcstore\framework\base\CApplication.php(450): CModule->getComponent('db')
#4 C:\xampp\htdocs\pcstore\framework\db\ar\CActiveRecord.php(634): CApplication->getDb()
#5 C:\xampp\htdocs\pcstore\framework\db\ar\CActiveRecord.php(667): CActiveRecord->getDbConnection()
#6 C:\xampp\htdocs\pcstore\framework\db\ar\CActiveRecord.php(1595): CActiveRecord->getCommandBuilder()
#7 C:\xampp\htdocs\pcstore\framework\web\CActiveDataProvider.php(228): CActiveRecord->count(Object(CDbCriteria))
#8 C:\xampp\htdocs\pcstore\framework\web\CDataProvider.php(224): CActiveDataProvider->calculateTotalItemCount()
#9 C:\xampp\htdocs\pcstore\framework\web\CActiveDataProvider.php(178): CDataProvider->getTotalItemCount()
#10 C:\xampp\htdocs\pcstore\framework\web\CDataProvider.php(168): CActiveDataProvider->fetchData()
#11 C:\xampp\htdocs\pcstore\framework\zii\widgets\CBaseListView.php(111): CDataProvider->getData()
#12 C:\xampp\htdocs\pcstore\framework\zii\widgets\CListView.php(211): CBaseListView->init()
#13 C:\xampp\htdocs\pcstore\framework\web\CBaseController.php(147): CListView->init()
#14 C:\xampp\htdocs\pcstore\framework\web\CBaseController.php(172): CBaseController->createWidget('zii.widgets.CLi...', Array)
#15 C:\xampp\htdocs\pcstore\protected\views\equipment\index.php(20): CBaseController->widget('zii.widgets.CLi...', Array)
#16 C:\xampp\htdocs\pcstore\framework\web\CBaseController.php(126): require('C:\\xampp\\htdocs...')
#17 C:\xampp\htdocs\pcstore\framework\web\CBaseController.php(95): CBaseController->renderInternal('C:\\xampp\\htdocs...', Array, true)
#18 C:\xampp\htdocs\pcstore\framework\web\CController.php(869): CBaseController->renderFile('C:\\xampp\\htdocs...', Array, true)
#19 C:\xampp\htdocs\pcstore\framework\web\CController.php(782): CController->renderPartial('index', Array, true)
#20 C:\xampp\htdocs\pcstore\protected\controllers\EquipmentController.php(127): CController->render('index', Array)
#21 C:\xampp\htdocs\pcstore\framework\web\actions\CInlineAction.php(49): EquipmentController->actionIndex()
#22 C:\xampp\htdocs\pcstore\framework\web\CController.php(308): CInlineAction->runWithParams(Array)
#23 C:\xampp\htdocs\pcstore\framework\web\filters\CFilterChain.php(133): CController->runAction(Object(CInlineAction))
#24 C:\xampp\htdocs\pcstore\framework\web\filters\CFilter.php(40): CFilterChain->run()
#25 C:\xampp\htdocs\pcstore\framework\web\CController.php(1145): CFilter->filter(Object(CFilterChain))
#26 C:\xampp\htdocs\pcstore\framework\web\filters\CInlineFilter.php(58): CController->filterAccessControl(Object(CFilterChain))
#27 C:\xampp\htdocs\pcstore\framework\web\filters\CFilterChain.php(130): CInlineFilter->filter(Object(CFilterChain))
#28 C:\xampp\htdocs\pcstore\framework\web\CController.php(291): CFilterChain->run()
#29 C:\xampp\htdocs\pcstore\framework\web\CController.php(265): CController->runActionWithFilters(Object(CInlineAction), Array)
#30 C:\xampp\htdocs\pcstore\framework\web\CWebApplication.php(282): CController->run('index')
#31 C:\xampp\htdocs\pcstore\framework\web\CWebApplication.php(141): CWebApplication->runController('equipment/index')
#32 C:\xampp\htdocs\pcstore\framework\base\CApplication.php(180): CWebApplication->processRequest()
#33 C:\xampp\htdocs\pcstore\index.php(13): CApplication->run()
#34 {main}
REQUEST_URI=/pcstore/index.php?r=equipment/index
HTTP_REFERER=http://localhost/pcstore/index.php?r=site/store
---
2021/10/12 12:23:33 [error] [exception.CDbException] CDbException: CDbConnection failed to open the DB connection: SQLSTATE[HY000] [1045] Access denied for user 'root'@'localhost' (using password: YES) in C:\xampp\htdocs\pcstore\framework\db\CDbConnection.php:382
Stack trace:
#0 C:\xampp\htdocs\pcstore\framework\db\CDbConnection.php(330): CDbConnection->open()
#1 C:\xampp\htdocs\pcstore\framework\db\CDbConnection.php(308): CDbConnection->setActive(true)
#2 C:\xampp\htdocs\pcstore\framework\base\CModule.php(387): CDbConnection->init()
#3 C:\xampp\htdocs\pcstore\framework\base\CApplication.php(450): CModule->getComponent('db')
#4 C:\xampp\htdocs\pcstore\framework\db\ar\CActiveRecord.php(634): CApplication->getDb()
#5 C:\xampp\htdocs\pcstore\framework\db\ar\CActiveRecord.php(667): CActiveRecord->getDbConnection()
#6 C:\xampp\htdocs\pcstore\framework\db\ar\CActiveRecord.php(1595): CActiveRecord->getCommandBuilder()
#7 C:\xampp\htdocs\pcstore\framework\web\CActiveDataProvider.php(228): CActiveRecord->count(Object(CDbCriteria))
#8 C:\xampp\htdocs\pcstore\framework\web\CDataProvider.php(224): CActiveDataProvider->calculateTotalItemCount()
#9 C:\xampp\htdocs\pcstore\framework\web\CActiveDataProvider.php(178): CDataProvider->getTotalItemCount()
#10 C:\xampp\htdocs\pcstore\framework\web\CDataProvider.php(168): CActiveDataProvider->fetchData()
#11 C:\xampp\htdocs\pcstore\framework\zii\widgets\CBaseListView.php(111): CDataProvider->getData()
#12 C:\xampp\htdocs\pcstore\framework\zii\widgets\CListView.php(211): CBaseListView->init()
#13 C:\xampp\htdocs\pcstore\framework\web\CBaseController.php(147): CListView->init()
#14 C:\xampp\htdocs\pcstore\framework\web\CBaseController.php(172): CBaseController->createWidget('zii.widgets.CLi...', Array)
#15 C:\xampp\htdocs\pcstore\protected\views\person\index.php(20): CBaseController->widget('zii.widgets.CLi...', Array)
#16 C:\xampp\htdocs\pcstore\framework\web\CBaseController.php(126): require('C:\\xampp\\htdocs...')
#17 C:\xampp\htdocs\pcstore\framework\web\CBaseController.php(95): CBaseController->renderInternal('C:\\xampp\\htdocs...', Array, true)
#18 C:\xampp\htdocs\pcstore\framework\web\CController.php(869): CBaseController->renderFile('C:\\xampp\\htdocs...', Array, true)
#19 C:\xampp\htdocs\pcstore\framework\web\CController.php(782): CController->renderPartial('index', Array, true)
#20 C:\xampp\htdocs\pcstore\protected\controllers\PersonController.php(127): CController->render('index', Array)
#21 C:\xampp\htdocs\pcstore\framework\web\actions\CInlineAction.php(49): PersonController->actionIndex()
#22 C:\xampp\htdocs\pcstore\framework\web\CController.php(308): CInlineAction->runWithParams(Array)
#23 C:\xampp\htdocs\pcstore\framework\web\filters\CFilterChain.php(133): CController->runAction(Object(CInlineAction))
#24 C:\xampp\htdocs\pcstore\framework\web\filters\CFilter.php(40): CFilterChain->run()
#25 C:\xampp\htdocs\pcstore\framework\web\CController.php(1145): CFilter->filter(Object(CFilterChain))
#26 C:\xampp\htdocs\pcstore\framework\web\filters\CInlineFilter.php(58): CController->filterAccessControl(Object(CFilterChain))
#27 C:\xampp\htdocs\pcstore\framework\web\filters\CFilterChain.php(130): CInlineFilter->filter(Object(CFilterChain))
#28 C:\xampp\htdocs\pcstore\framework\web\CController.php(291): CFilterChain->run()
#29 C:\xampp\htdocs\pcstore\framework\web\CController.php(265): CController->runActionWithFilters(Object(CInlineAction), Array)
#30 C:\xampp\htdocs\pcstore\framework\web\CWebApplication.php(282): CController->run('index')
#31 C:\xampp\htdocs\pcstore\framework\web\CWebApplication.php(141): CWebApplication->runController('person/index')
#32 C:\xampp\htdocs\pcstore\framework\base\CApplication.php(180): CWebApplication->processRequest()
#33 C:\xampp\htdocs\pcstore\index.php(13): CApplication->run()
#34 {main}
REQUEST_URI=/pcstore/index.php?r=person/index
HTTP_REFERER=http://localhost/pcstore/index.php?r=site/store
---
2021/10/12 12:25:38 [error] [exception.CDbException] CDbException: CDbConnection failed to open the DB connection: SQLSTATE[HY000] [1045] Access denied for user 'root'@'localhost' (using password: YES) in C:\xampp\htdocs\pcstore\framework\db\CDbConnection.php:382
Stack trace:
#0 C:\xampp\htdocs\pcstore\framework\db\CDbConnection.php(330): CDbConnection->open()
#1 C:\xampp\htdocs\pcstore\framework\db\CDbConnection.php(308): CDbConnection->setActive(true)
#2 C:\xampp\htdocs\pcstore\framework\base\CModule.php(387): CDbConnection->init()
#3 C:\xampp\htdocs\pcstore\framework\base\CApplication.php(450): CModule->getComponent('db')
#4 C:\xampp\htdocs\pcstore\framework\db\ar\CActiveRecord.php(634): CApplication->getDb()
#5 C:\xampp\htdocs\pcstore\framework\db\ar\CActiveRecord.php(667): CActiveRecord->getDbConnection()
#6 C:\xampp\htdocs\pcstore\framework\db\ar\CActiveRecord.php(1595): CActiveRecord->getCommandBuilder()
#7 C:\xampp\htdocs\pcstore\framework\web\CActiveDataProvider.php(228): CActiveRecord->count(Object(CDbCriteria))
#8 C:\xampp\htdocs\pcstore\framework\web\CDataProvider.php(224): CActiveDataProvider->calculateTotalItemCount()
#9 C:\xampp\htdocs\pcstore\framework\web\CActiveDataProvider.php(178): CDataProvider->getTotalItemCount()
#10 C:\xampp\htdocs\pcstore\framework\web\CDataProvider.php(168): CActiveDataProvider->fetchData()
#11 C:\xampp\htdocs\pcstore\framework\zii\widgets\CBaseListView.php(111): CDataProvider->getData()
#12 C:\xampp\htdocs\pcstore\framework\zii\widgets\CListView.php(211): CBaseListView->init()
#13 C:\xampp\htdocs\pcstore\framework\web\CBaseController.php(147): CListView->init()
#14 C:\xampp\htdocs\pcstore\framework\web\CBaseController.php(172): CBaseController->createWidget('zii.widgets.CLi...', Array)
#15 C:\xampp\htdocs\pcstore\protected\views\contractor\index.php(25): CBaseController->widget('zii.widgets.CLi...', Array)
#16 C:\xampp\htdocs\pcstore\framework\web\CBaseController.php(126): require('C:\\xampp\\htdocs...')
#17 C:\xampp\htdocs\pcstore\framework\web\CBaseController.php(95): CBaseController->renderInternal('C:\\xampp\\htdocs...', Array, true)
#18 C:\xampp\htdocs\pcstore\framework\web\CController.php(869): CBaseController->renderFile('C:\\xampp\\htdocs...', Array, true)
#19 C:\xampp\htdocs\pcstore\framework\web\CController.php(782): CController->renderPartial('index', Array, true)
#20 C:\xampp\htdocs\pcstore\protected\controllers\ContractorController.php(127): CController->render('index', Array)
#21 C:\xampp\htdocs\pcstore\framework\web\actions\CInlineAction.php(49): ContractorController->actionIndex()
#22 C:\xampp\htdocs\pcstore\framework\web\CController.php(308): CInlineAction->runWithParams(Array)
#23 C:\xampp\htdocs\pcstore\framework\web\filters\CFilterChain.php(133): CController->runAction(Object(CInlineAction))
#24 C:\xampp\htdocs\pcstore\framework\web\filters\CFilter.php(40): CFilterChain->run()
#25 C:\xampp\htdocs\pcstore\framework\web\CController.php(1145): CFilter->filter(Object(CFilterChain))
#26 C:\xampp\htdocs\pcstore\framework\web\filters\CInlineFilter.php(58): CController->filterAccessControl(Object(CFilterChain))
#27 C:\xampp\htdocs\pcstore\framework\web\filters\CFilterChain.php(130): CInlineFilter->filter(Object(CFilterChain))
#28 C:\xampp\htdocs\pcstore\framework\web\CController.php(291): CFilterChain->run()
#29 C:\xampp\htdocs\pcstore\framework\web\CController.php(265): CController->runActionWithFilters(Object(CInlineAction), Array)
#30 C:\xampp\htdocs\pcstore\framework\web\CWebApplication.php(282): CController->run('index')
#31 C:\xampp\htdocs\pcstore\framework\web\CWebApplication.php(141): CWebApplication->runController('contractor/inde...')
#32 C:\xampp\htdocs\pcstore\framework\base\CApplication.php(180): CWebApplication->processRequest()
#33 C:\xampp\htdocs\pcstore\index.php(13): CApplication->run()
#34 {main}
REQUEST_URI=/pcstore/index.php?r=contractor/index
HTTP_REFERER=http://localhost/pcstore/index.php?r=site/dict
---
2021/10/12 12:51:58 [error] [php] mail(): Failed to connect to mailserver at &quot;localhost&quot; port 25, verify your &quot;SMTP&quot; and &quot;smtp_port&quot; setting in php.ini or use ini_set() (C:\xampp\htdocs\pcstore\protected\controllers\SiteController.php:67)
Stack trace:
#0 C:\xampp\htdocs\pcstore\framework\web\CController.php(308): CInlineAction->runWithParams()
#1 C:\xampp\htdocs\pcstore\framework\web\CController.php(286): SiteController->runAction()
#2 C:\xampp\htdocs\pcstore\framework\web\CController.php(265): SiteController->runActionWithFilters()
#3 C:\xampp\htdocs\pcstore\framework\web\CWebApplication.php(282): SiteController->run()
#4 C:\xampp\htdocs\pcstore\framework\web\CWebApplication.php(141): CWebApplication->runController()
#5 C:\xampp\htdocs\pcstore\framework\base\CApplication.php(180): CWebApplication->processRequest()
#6 C:\xampp\htdocs\pcstore\index.php(13): CWebApplication->run()
REQUEST_URI=/pcstore/index.php?r=site/contact
in C:\xampp\htdocs\pcstore\protected\controllers\SiteController.php (67)
in C:\xampp\htdocs\pcstore\index.php (13)
